<?xml version="1.0" encoding="UTF-8"?>
<testsuite xmlns:xsi="http://www.w3.org/2001/XMLSchema-instance" xsi:noNamespaceSchemaLocation="https://maven.apache.org/surefire/maven-surefire-plugin/xsd/surefire-test-report-3.0.xsd" version="3.0" name="qualite_log.user.UserCreateControllerTest" time="0.024" tests="8" errors="8" skipped="0" failures="0">
  <properties>
    <property name="java.specification.version" value="21"/>
    <property name="sun.cpu.isalist" value="amd64"/>
    <property name="sun.jnu.encoding" value="Cp1252"/>
    <property name="java.class.path" value="C:\Users\valen\Desktop\Projet_Locamat\Prj_Qualit-_logiciel\inventory\target\test-classes;C:\Users\valen\.m2\repository\org\openjfx\javafx-controls\13\javafx-controls-13.jar;C:\Users\valen\.m2\repository\org\openjfx\javafx-graphics\13\javafx-graphics-13.jar;C:\Users\valen\.m2\repository\org\openjfx\javafx-base\13\javafx-base-13.jar;C:\Users\valen\.m2\repository\org\openjfx\javafx-fxml\13\javafx-fxml-13.jar;C:\Users\valen\.m2\repository\org\testfx\testfx-core\4.0.17\testfx-core-4.0.17.jar;C:\Users\valen\.m2\repository\org\hamcrest\hamcrest\2.1\hamcrest-2.1.jar;C:\Users\valen\.m2\repository\org\osgi\org.osgi.core\6.0.0\org.osgi.core-6.0.0.jar;C:\Users\valen\.m2\repository\org\junit\jupiter\junit-jupiter-api\5.5.1\junit-jupiter-api-5.5.1.jar;C:\Users\valen\.m2\repository\org\apiguardian\apiguardian-api\1.1.0\apiguardian-api-1.1.0.jar;C:\Users\valen\.m2\repository\org\opentest4j\opentest4j\1.2.0\opentest4j-1.2.0.jar;C:\Users\valen\.m2\repository\org\junit\platform\junit-platform-commons\1.5.1\junit-platform-commons-1.5.1.jar;C:\Users\valen\.m2\repository\org\testfx\testfx-junit5\4.0.17\testfx-junit5-4.0.17.jar;C:\Users\valen\.m2\repository\org\assertj\assertj-core\3.13.2\assertj-core-3.13.2.jar;"/>
    <property name="java.vm.vendor" value="Microsoft"/>
    <property name="sun.arch.data.model" value="64"/>
    <property name="user.variant" value=""/>
    <property name="java.vendor.url" value="https://www.microsoft.com"/>
    <property name="user.timezone" value="Europe/Paris"/>
    <property name="os.name" value="Windows 10"/>
    <property name="java.vm.specification.version" value="21"/>
    <property name="sun.java.launcher" value="SUN_STANDARD"/>
    <property name="user.country" value="FR"/>
    <property name="sun.boot.library.path" value="C:\Program Files\Microsoft\jdk-21.0.0.35-hotspot\bin"/>
    <property name="sun.java.command" value="org.apache.maven.surefire.booter.ForkedBooter C:\Users\valen\AppData\Local\Temp\surefire12834636337612669583 2024-02-08T14-16-42_482-jvmRun1 surefire35290847647321025tmp surefire_09505599844534588556tmp"/>
    <property name="jdk.debug" value="release"/>
    <property name="surefire.test.class.path" value="C:\Users\valen\Desktop\Projet_Locamat\Prj_Qualit-_logiciel\inventory\target\test-classes;C:\Users\valen\.m2\repository\org\openjfx\javafx-controls\13\javafx-controls-13.jar;C:\Users\valen\.m2\repository\org\openjfx\javafx-graphics\13\javafx-graphics-13.jar;C:\Users\valen\.m2\repository\org\openjfx\javafx-base\13\javafx-base-13.jar;C:\Users\valen\.m2\repository\org\openjfx\javafx-fxml\13\javafx-fxml-13.jar;C:\Users\valen\.m2\repository\org\testfx\testfx-core\4.0.17\testfx-core-4.0.17.jar;C:\Users\valen\.m2\repository\org\hamcrest\hamcrest\2.1\hamcrest-2.1.jar;C:\Users\valen\.m2\repository\org\osgi\org.osgi.core\6.0.0\org.osgi.core-6.0.0.jar;C:\Users\valen\.m2\repository\org\junit\jupiter\junit-jupiter-api\5.5.1\junit-jupiter-api-5.5.1.jar;C:\Users\valen\.m2\repository\org\apiguardian\apiguardian-api\1.1.0\apiguardian-api-1.1.0.jar;C:\Users\valen\.m2\repository\org\opentest4j\opentest4j\1.2.0\opentest4j-1.2.0.jar;C:\Users\valen\.m2\repository\org\junit\platform\junit-platform-commons\1.5.1\junit-platform-commons-1.5.1.jar;C:\Users\valen\.m2\repository\org\testfx\testfx-junit5\4.0.17\testfx-junit5-4.0.17.jar;C:\Users\valen\.m2\repository\org\assertj\assertj-core\3.13.2\assertj-core-3.13.2.jar;"/>
    <property name="sun.cpu.endian" value="little"/>
    <property name="user.home" value="C:\Users\valen"/>
    <property name="user.language" value="fr"/>
    <property name="java.specification.vendor" value="Oracle Corporation"/>
    <property name="jdk.module.path" value="C:\Users\valen\Desktop\Projet_Locamat\Prj_Qualit-_logiciel\inventory\target\classes;C:\Users\valen\.m2\repository\com\fasterxml\jackson\core\jackson-annotations\2.16.1\jackson-annotations-2.16.1.jar;C:\Users\valen\.m2\repository\com\fasterxml\jackson\core\jackson-core\2.16.1\jackson-core-2.16.1.jar;C:\Users\valen\.m2\repository\com\fasterxml\jackson\core\jackson-databind\2.16.1\jackson-databind-2.16.1.jar;C:\Users\valen\.m2\repository\com\fasterxml\jackson\datatype\jackson-datatype-jsr310\2.16.1\jackson-datatype-jsr310-2.16.1.jar;C:\Users\valen\.m2\repository\org\openjfx\javafx-controls\13\javafx-controls-13-win.jar;C:\Users\valen\.m2\repository\org\openjfx\javafx-graphics\13\javafx-graphics-13-win.jar;C:\Users\valen\.m2\repository\org\openjfx\javafx-base\13\javafx-base-13-win.jar;C:\Users\valen\.m2\repository\org\openjfx\javafx-fxml\13\javafx-fxml-13-win.jar"/>
    <property name="java.version.date" value="2023-09-19"/>
    <property name="java.home" value="C:\Program Files\Microsoft\jdk-21.0.0.35-hotspot"/>
    <property name="file.separator" value="\"/>
    <property name="basedir" value="C:\Users\valen\Desktop\Projet_Locamat\Prj_Qualit-_logiciel\inventory"/>
    <property name="java.vm.compressedOopsMode" value="32-bit"/>
    <property name="line.separator" value="&#10;"/>
    <property name="java.vm.specification.vendor" value="Oracle Corporation"/>
    <property name="java.specification.name" value="Java Platform API Specification"/>
    <property name="surefire.real.class.path" value="C:\Users\valen\.m2\repository\org\apache\maven\surefire\surefire-booter\3.0.0-M5\surefire-booter-3.0.0-M5.jar;C:\Users\valen\.m2\repository\org\apache\maven\surefire\surefire-api\3.0.0-M5\surefire-api-3.0.0-M5.jar;C:\Users\valen\.m2\repository\org\apache\maven\surefire\surefire-logger-api\3.0.0-M5\surefire-logger-api-3.0.0-M5.jar;C:\Users\valen\.m2\repository\org\apache\maven\surefire\surefire-shared-utils\3.0.0-M4\surefire-shared-utils-3.0.0-M4.jar;C:\Users\valen\.m2\repository\org\apache\maven\surefire\surefire-extensions-spi\3.0.0-M5\surefire-extensions-spi-3.0.0-M5.jar;C:\Users\valen\Desktop\Projet_Locamat\Prj_Qualit-_logiciel\inventory\target\test-classes;C:\Users\valen\.m2\repository\org\openjfx\javafx-controls\13\javafx-controls-13.jar;C:\Users\valen\.m2\repository\org\openjfx\javafx-graphics\13\javafx-graphics-13.jar;C:\Users\valen\.m2\repository\org\openjfx\javafx-base\13\javafx-base-13.jar;C:\Users\valen\.m2\repository\org\openjfx\javafx-fxml\13\javafx-fxml-13.jar;C:\Users\valen\.m2\repository\org\testfx\testfx-core\4.0.17\testfx-core-4.0.17.jar;C:\Users\valen\.m2\repository\org\hamcrest\hamcrest\2.1\hamcrest-2.1.jar;C:\Users\valen\.m2\repository\org\osgi\org.osgi.core\6.0.0\org.osgi.core-6.0.0.jar;C:\Users\valen\.m2\repository\org\junit\jupiter\junit-jupiter-api\5.5.1\junit-jupiter-api-5.5.1.jar;C:\Users\valen\.m2\repository\org\apiguardian\apiguardian-api\1.1.0\apiguardian-api-1.1.0.jar;C:\Users\valen\.m2\repository\org\opentest4j\opentest4j\1.2.0\opentest4j-1.2.0.jar;C:\Users\valen\.m2\repository\org\junit\platform\junit-platform-commons\1.5.1\junit-platform-commons-1.5.1.jar;C:\Users\valen\.m2\repository\org\testfx\testfx-junit5\4.0.17\testfx-junit5-4.0.17.jar;C:\Users\valen\.m2\repository\org\assertj\assertj-core\3.13.2\assertj-core-3.13.2.jar;C:\Users\valen\.m2\repository\org\apache\maven\surefire\surefire-junit-platform\3.0.0-M5\surefire-junit-platform-3.0.0-M5.jar;C:\Users\valen\.m2\repository\org\apache\maven\surefire\common-java5\3.0.0-M5\common-java5-3.0.0-M5.jar;C:\Users\valen\.m2\repository\org\junit\platform\junit-platform-launcher\1.5.1\junit-platform-launcher-1.5.1.jar;C:\Users\valen\.m2\repository\org\junit\platform\junit-platform-engine\1.5.1\junit-platform-engine-1.5.1.jar;C:\Users\valen\.m2\repository\org\junit\jupiter\junit-jupiter-engine\5.5.1\junit-jupiter-engine-5.5.1.jar"/>
    <property name="user.script" value=""/>
    <property name="sun.management.compiler" value="HotSpot 64-Bit Tiered Compilers"/>
    <property name="java.runtime.version" value="21+35-LTS"/>
    <property name="user.name" value="valen"/>
    <property name="stdout.encoding" value="Cp1252"/>
    <property name="path.separator" value=";"/>
    <property name="os.version" value="10.0"/>
    <property name="java.runtime.name" value="OpenJDK Runtime Environment"/>
    <property name="file.encoding" value="UTF-8"/>
    <property name="java.vm.name" value="OpenJDK 64-Bit Server VM"/>
    <property name="java.vendor.version" value="Microsoft-8425986"/>
    <property name="localRepository" value="C:\Users\valen\.m2\repository"/>
    <property name="java.vendor.url.bug" value="https://github.com/microsoft/openjdk/issues"/>
    <property name="java.io.tmpdir" value="C:\Users\valen\AppData\Local\Temp\"/>
    <property name="java.version" value="21"/>
    <property name="user.dir" value="C:\Users\valen\Desktop\Projet_Locamat\Prj_Qualit-_logiciel\inventory"/>
    <property name="os.arch" value="amd64"/>
    <property name="java.vm.specification.name" value="Java Virtual Machine Specification"/>
    <property name="sun.os.patch.level" value=""/>
    <property name="native.encoding" value="Cp1252"/>
    <property name="java.library.path" value="C:\Program Files\Microsoft\jdk-21.0.0.35-hotspot\bin;C:\Windows\Sun\Java\bin;C:\Windows\system32;C:\Windows;C:\Program Files (x86)\VMware\VMware Workstation\bin\;C:\Program Files\Microsoft\jdk-21.0.0.35-hotspot\bin;C:\Program Files\Common Files\Oracle\Java\javapath;C:\Program Files (x86)\Common Files\Oracle\Java\javapath;C:\MinGW\bin;C:\Program Files (x86)\dotnet\;C:\Program Files\dotnet\;C:\Program Files\Microsoft SQL Server\130\Tools\Binn\;C:\Program Files (x86)\QuickTime\QTSystem\;C:\Program Files\Git\cmd;C:\Gradle\gradle-8.3\bin;C:\Maven\apache-maven-3.9.5\bin;C:\Windows\System32;C:\Program Files\nodejs\;C:\Program Files\MySQL\MySQL Shell 8.0\bin\;C:\Program Files\MySQL\MySQL Shell 8.2\bin\;C:\Users\valen\AppData\Local\Microsoft\WindowsApps;C:\Users\valen\AppData\Local\atom\bin;C:\wamp\bin\mysql\mysql5.7.40\bin;C:\wamp\bin\php\php8.2.0;C:\MinGW\bin;C:\Users\valen\AppData\Local\Programs\Microsoft VS Code\bin;C:\Windows\system32;C:\Users\valen\.dotnet\tools;C:\Users\valen\AppData\Roaming\npm;."/>
    <property name="java.vm.info" value="mixed mode"/>
    <property name="stderr.encoding" value="Cp1252"/>
    <property name="java.vendor" value="Microsoft"/>
    <property name="java.vm.version" value="21+35-LTS"/>
    <property name="sun.io.unicode.encoding" value="UnicodeLittle"/>
    <property name="java.class.version" value="65.0"/>
  </properties>
  <testcase name="testIncorrectFirstName" classname="qualite_log.user.UserCreateControllerTest" time="0">
    <error type="java.lang.reflect.InaccessibleObjectException"><![CDATA[java.lang.reflect.InaccessibleObjectException: Unable to make void qualite_log.user.UserCreateControllerTest.testIncorrectMail() accessible: module qualite_log does not "opens qualite_log.user" to unnamed module @4f6ee6e4
]]></error>
  </testcase>
  <testcase name="testEmptyMail" classname="qualite_log.user.UserCreateControllerTest" time="0">
    <error type="java.lang.reflect.InaccessibleObjectException"><![CDATA[java.lang.reflect.InaccessibleObjectException: Unable to make void qualite_log.user.UserCreateControllerTest.testIncorrectMail() accessible: module qualite_log does not "opens qualite_log.user" to unnamed module @4f6ee6e4
]]></error>
  </testcase>
  <testcase name="testIncorrectLastName" classname="qualite_log.user.UserCreateControllerTest" time="0">
    <error type="java.lang.reflect.InaccessibleObjectException"><![CDATA[java.lang.reflect.InaccessibleObjectException: Unable to make void qualite_log.user.UserCreateControllerTest.testIncorrectMail() accessible: module qualite_log does not "opens qualite_log.user" to unnamed module @4f6ee6e4
]]></error>
  </testcase>
  <testcase name="testIncorrectMail" classname="qualite_log.user.UserCreateControllerTest" time="0">
    <error type="java.lang.reflect.InaccessibleObjectException"><![CDATA[java.lang.reflect.InaccessibleObjectException: Unable to make void qualite_log.user.UserCreateControllerTest.testIncorrectMail() accessible: module qualite_log does not "opens qualite_log.user" to unnamed module @4f6ee6e4
]]></error>
  </testcase>
  <testcase name="testEmptyFirstName" classname="qualite_log.user.UserCreateControllerTest" time="0">
    <error type="java.lang.reflect.InaccessibleObjectException"><![CDATA[java.lang.reflect.InaccessibleObjectException: Unable to make void qualite_log.user.UserCreateControllerTest.testIncorrectMail() accessible: module qualite_log does not "opens qualite_log.user" to unnamed module @4f6ee6e4
]]></error>
  </testcase>
  <testcase name="testSuccessfulUserCreation" classname="qualite_log.user.UserCreateControllerTest" time="0">
    <error type="java.lang.reflect.InaccessibleObjectException"><![CDATA[java.lang.reflect.InaccessibleObjectException: Unable to make void qualite_log.user.UserCreateControllerTest.testIncorrectMail() accessible: module qualite_log does not "opens qualite_log.user" to unnamed module @4f6ee6e4
]]></error>
  </testcase>
  <testcase name="testEmptyLastName" classname="qualite_log.user.UserCreateControllerTest" time="0">
    <error type="java.lang.reflect.InaccessibleObjectException"><![CDATA[java.lang.reflect.InaccessibleObjectException: Unable to make void qualite_log.user.UserCreateControllerTest.testIncorrectMail() accessible: module qualite_log does not "opens qualite_log.user" to unnamed module @4f6ee6e4
]]></error>
  </testcase>
  <testcase name="testNoRoleSelection" classname="qualite_log.user.UserCreateControllerTest" time="0">
    <error type="java.lang.reflect.InaccessibleObjectException"><![CDATA[java.lang.reflect.InaccessibleObjectException: Unable to make void qualite_log.user.UserCreateControllerTest.testIncorrectMail() accessible: module qualite_log does not "opens qualite_log.user" to unnamed module @4f6ee6e4
]]></error>
  </testcase>
</testsuite>